<?xml version="1.0" encoding="UTF-8"?>
<!-- Generated by org.testng.reporters.JUnitReportReporter -->
<testsuite skipped="0" hostname="WorkPC" name="org.testngsample.ExceptionhandlingTestng" tests="1" failures="0" timestamp="29 Nov 2022 15:29:03 GMT" time="0.016" errors="0">
  <testcase name="tc01" time="0.016" classname="org.testngsample.ExceptionhandlingTestng"/>
</testsuite> <!-- org.testngsample.ExceptionhandlingTestng -->
