<?xml version="1.0" encoding="UTF-8"?>
<!-- Generated by org.testng.reporters.JUnitReportReporter -->
<testsuite skipped="0" hostname="WorkPC" name="org.testngsample.TestNGParameterAdactin" tests="4" failures="0" timestamp="28 Nov 2022 13:04:06 GMT" time="13.739" errors="0">
  <testcase name="BrowserLaunch" time="13.683" classname="org.testngsample.TestNGParameterAdactin"/>
  <testcase name="EnterUserName" time="0.056" classname="org.testngsample.TestNGParameterAdactin"/>
  <testcase name="RoomDetails" time="0.000" classname="org.testngsample.TestNGParameterAdactin"/>
  <testcase name="HotelDetails" time="0.000" classname="org.testngsample.TestNGParameterAdactin"/>
</testsuite> <!-- org.testngsample.TestNGParameterAdactin -->
