<?xml version="1.0" encoding="UTF-8"?>
<!-- Generated by org.testng.reporters.JUnitReportReporter -->
<testsuite skipped="0" hostname="WorkPC" name="org.testngsample.TaskTestNgSuiteAdactin" tests="15" failures="0" timestamp="25 Nov 2022 17:28:32 GMT" time="20.570" errors="0">
  <testcase name="BrowserLaunch" time="3.676" classname="org.testngsample.TaskTestNgSuiteAdactin"/>
  <testcase name="UrlLaunch" time="5.608" classname="org.testngsample.TaskTestNgSuiteAdactin"/>
  <testcase name="UserName" time="1.743" classname="org.testngsample.TaskTestNgSuiteAdactin"/>
  <testcase name="HotelDetails" time="1.962" classname="org.testngsample.TaskTestNgSuiteAdactin"/>
  <testcase name="BookingConfirmation" time="6.730" classname="org.testngsample.TaskTestNgSuiteAdactin"/>
  <testcase name="OrderId" time="0.024" classname="org.testngsample.TaskTestNgSuiteAdactin"/>
  <testcase name="OrderId" time="0.016" classname="org.testngsample.TaskTestNgSuiteAdactin"/>
  <testcase name="OrderId" time="0.031" classname="org.testngsample.TaskTestNgSuiteAdactin"/>
  <testcase name="OrderId" time="0.034" classname="org.testngsample.TaskTestNgSuiteAdactin"/>
  <testcase name="OrderId" time="0.031" classname="org.testngsample.TaskTestNgSuiteAdactin"/>
  <testcase name="OrderId" time="0.032" classname="org.testngsample.TaskTestNgSuiteAdactin"/>
  <testcase name="OrderId" time="0.605" classname="org.testngsample.TaskTestNgSuiteAdactin"/>
  <testcase name="OrderId" time="0.031" classname="org.testngsample.TaskTestNgSuiteAdactin"/>
  <testcase name="OrderId" time="0.015" classname="org.testngsample.TaskTestNgSuiteAdactin"/>
  <testcase name="OrderId" time="0.032" classname="org.testngsample.TaskTestNgSuiteAdactin"/>
</testsuite> <!-- org.testngsample.TaskTestNgSuiteAdactin -->
