<?xml version="1.0" encoding="UTF-8"?>
<!-- Generated by org.testng.reporters.JUnitReportReporter -->
<testsuite skipped="0" hostname="WorkPC" name="org.testngsample.TestNGProgram2Parameters" tests="2" failures="0" timestamp="25 Nov 2022 16:57:22 GMT" time="0.013" errors="0">
  <testcase name="tc01" time="0.011" classname="org.testngsample.TestNGProgram2Parameters"/>
  <testcase name="tc02" time="0.002" classname="org.testngsample.TestNGProgram2Parameters"/>
</testsuite> <!-- org.testngsample.TestNGProgram2Parameters -->
