<?xml version="1.0" encoding="UTF-8"?>
<!-- Generated by org.testng.reporters.JUnitReportReporter -->
<testsuite skipped="0" hostname="WorkPC" name="org.testngsample.AdactinParameters2Task" tests="2" failures="0" timestamp="29 Nov 2022 17:19:24 GMT" time="175.941" errors="0">
  <testcase name="userlogin" time="1.721" classname="org.testngsample.AdactinParameters2Task"/>
  <testcase name="BrowserLaunch" time="174.220" classname="org.testngsample.AdactinParameters2Task"/>
</testsuite> <!-- org.testngsample.AdactinParameters2Task -->
