<?xml version="1.0" encoding="UTF-8"?>
<!-- Generated by org.testng.reporters.JUnitReportReporter -->
<testsuite skipped="0" hostname="WorkPC" name="org.dataproviders.TestSuite1" tests="3" failures="0" timestamp="01 Dec 2022 14:43:55 GMT" time="39.874" errors="0">
  <testcase name="tc06" time="14.792" classname="org.dataproviders.TestSuite1"/>
  <testcase name="tc06" time="12.242" classname="org.dataproviders.TestSuite1"/>
  <testcase name="tc06" time="12.840" classname="org.dataproviders.TestSuite1"/>
</testsuite> <!-- org.dataproviders.TestSuite1 -->
