<?xml version="1.0" encoding="UTF-8"?>
<!-- Generated by org.testng.reporters.JUnitReportReporter -->
<testsuite skipped="0" hostname="WorkPC" name="org.dataproviders.DataProvidersSample1" tests="3" failures="0" timestamp="01 Dec 2022 14:32:44 GMT" time="72.055" errors="0">
  <testcase name="tc06" time="9.567" classname="org.dataproviders.DataProvidersSample1"/>
  <testcase name="tc06" time="7.647" classname="org.dataproviders.DataProvidersSample1"/>
  <testcase name="tc06" time="54.841" classname="org.dataproviders.DataProvidersSample1"/>
</testsuite> <!-- org.dataproviders.DataProvidersSample1 -->
