<?xml version="1.0" encoding="UTF-8"?>
<!-- Generated by org.testng.reporters.JUnitReportReporter -->
<testsuite skipped="1" hostname="WorkPC" name="org.testngsample.TestNgProgram1" tests="14" failures="0" timestamp="07 Jan 2023 17:19:47 GMT" time="0.032" errors="0">
  <testcase name="tc05" time="0.016" classname="org.testngsample.TestNgProgram1"/>
  <testcase name="tc03" time="0.000" classname="org.testngsample.TestNgProgram1"/>
  <testcase name="tc03" time="0.008" classname="org.testngsample.TestNgProgram1"/>
  <testcase name="tc03" time="0.000" classname="org.testngsample.TestNgProgram1"/>
  <testcase name="tc03" time="0.000" classname="org.testngsample.TestNgProgram1"/>
  <testcase name="tc03" time="0.000" classname="org.testngsample.TestNgProgram1"/>
  <testcase name="tc03" time="0.000" classname="org.testngsample.TestNgProgram1"/>
  <testcase name="tc03" time="0.000" classname="org.testngsample.TestNgProgram1"/>
  <testcase name="tc03" time="0.008" classname="org.testngsample.TestNgProgram1"/>
  <testcase name="tc03" time="0.000" classname="org.testngsample.TestNgProgram1"/>
  <testcase name="tc03" time="0.000" classname="org.testngsample.TestNgProgram1"/>
  <testcase name="tc02" time="0.000" classname="org.testngsample.TestNgProgram1"/>
  <testcase name="tc01" time="0.000" classname="org.testngsample.TestNgProgram1"/>
  <testcase name="tc04" classname="org.testngsample.TestNgProgram1">
    <skipped/>
  </testcase> <!-- tc04 -->
</testsuite> <!-- org.testngsample.TestNgProgram1 -->
